<?xml version="1.0" encoding="UTF-8"?>
<testng-results ignored="0" total="1" passed="1" failed="0" skipped="0">
  <reporter-output>
  </reporter-output>
  <suite started-at="2024-12-12T15:46:06 GMT" name="Default suite" finished-at="2024-12-12T15:46:13 GMT" duration-ms="7139">
    <groups>
    </groups>
    <test started-at="2024-12-12T15:46:06 GMT" name="Default test" finished-at="2024-12-12T15:46:13 GMT" duration-ms="7139">
      <class name="demo.advantage.tests.LaptopOrderTest">
        <test-method is-config="true" signature="openBrowser()[pri:0, instance:demo.advantage.tests.LaptopOrderTest@55a147cc]" started-at="2024-12-12T15:45:57 GMT" name="openBrowser" finished-at="2024-12-12T15:46:06 GMT" duration-ms="8321" status="PASS">
          <reporter-output>
          </reporter-output>
        </test-method> <!-- openBrowser -->
        <test-method signature="laptopOrder()[pri:0, instance:demo.advantage.tests.LaptopOrderTest@55a147cc]" started-at="2024-12-12T15:46:06 GMT" name="laptopOrder" finished-at="2024-12-12T15:46:13 GMT" duration-ms="7090" status="PASS">
          <reporter-output>
          </reporter-output>
        </test-method> <!-- laptopOrder -->
      </class> <!-- demo.advantage.tests.LaptopOrderTest -->
    </test> <!-- Default test -->
  </suite> <!-- Default suite -->
</testng-results>
